{"/home/ratpc-042/Desktop/npm-creater/vite-project/src/helper/index.js": {"path":"/home/ratpc-042/Desktop/npm-creater/vite-project/src/helper/index.js","statementMap":{"0":{"start":{"line":12,"column":29},"end":{"line":28,"column":1}},"1":{"start":{"line":17,"column":1},"end":{"line":27,"column":2}},"2":{"start":{"line":18,"column":25},"end":{"line":18,"column":52}},"3":{"start":{"line":19,"column":22},"end":{"line":19,"column":46}},"4":{"start":{"line":21,"column":21},"end":{"line":21,"column":76}},"5":{"start":{"line":23,"column":2},"end":{"line":23,"column":31}},"6":{"start":{"line":26,"column":2},"end":{"line":26,"column":51}},"7":{"start":{"line":38,"column":26},"end":{"line":56,"column":1}},"8":{"start":{"line":43,"column":1},"end":{"line":55,"column":2}},"9":{"start":{"line":44,"column":21},"end":{"line":44,"column":44}},"10":{"start":{"line":45,"column":22},"end":{"line":45,"column":46}},"11":{"start":{"line":47,"column":20},"end":{"line":49,"column":48}},"12":{"start":{"line":51,"column":2},"end":{"line":51,"column":30}},"13":{"start":{"line":54,"column":2},"end":{"line":54,"column":48}},"14":{"start":{"line":69,"column":31},"end":{"line":85,"column":1}},"15":{"start":{"line":74,"column":1},"end":{"line":84,"column":2}},"16":{"start":{"line":75,"column":21},"end":{"line":75,"column":44}},"17":{"start":{"line":76,"column":22},"end":{"line":76,"column":46}},"18":{"start":{"line":78,"column":20},"end":{"line":78,"column":92}},"19":{"start":{"line":80,"column":2},"end":{"line":80,"column":30}},"20":{"start":{"line":83,"column":2},"end":{"line":83,"column":53}}},"fnMap":{"0":{"name":"(anonymous_0)","decl":{"start":{"line":12,"column":29},"end":{"line":12,"column":30}},"loc":{"start":{"line":16,"column":11},"end":{"line":28,"column":1}},"line":16},"1":{"name":"(anonymous_1)","decl":{"start":{"line":38,"column":26},"end":{"line":38,"column":27}},"loc":{"start":{"line":42,"column":11},"end":{"line":56,"column":1}},"line":42},"2":{"name":"(anonymous_2)","decl":{"start":{"line":69,"column":31},"end":{"line":69,"column":32}},"loc":{"start":{"line":73,"column":11},"end":{"line":85,"column":1}},"line":73}},"branchMap":{"0":{"loc":{"start":{"line":12,"column":30},"end":{"line":16,"column":6}},"type":"default-arg","locations":[{"start":{"line":16,"column":4},"end":{"line":16,"column":6}}],"line":12},"1":{"loc":{"start":{"line":13,"column":1},"end":{"line":13,"column":13}},"type":"default-arg","locations":[{"start":{"line":13,"column":11},"end":{"line":13,"column":13}}],"line":13},"2":{"loc":{"start":{"line":14,"column":1},"end":{"line":14,"column":10}},"type":"default-arg","locations":[{"start":{"line":14,"column":8},"end":{"line":14,"column":10}}],"line":14},"3":{"loc":{"start":{"line":15,"column":1},"end":{"line":15,"column":15}},"type":"default-arg","locations":[{"start":{"line":15,"column":7},"end":{"line":15,"column":15}}],"line":15},"4":{"loc":{"start":{"line":38,"column":27},"end":{"line":42,"column":6}},"type":"default-arg","locations":[{"start":{"line":42,"column":4},"end":{"line":42,"column":6}}],"line":38},"5":{"loc":{"start":{"line":39,"column":1},"end":{"line":39,"column":29}},"type":"default-arg","locations":[{"start":{"line":39,"column":7},"end":{"line":39,"column":29}}],"line":39},"6":{"loc":{"start":{"line":40,"column":1},"end":{"line":40,"column":10}},"type":"default-arg","locations":[{"start":{"line":40,"column":8},"end":{"line":40,"column":10}}],"line":40},"7":{"loc":{"start":{"line":41,"column":1},"end":{"line":41,"column":15}},"type":"default-arg","locations":[{"start":{"line":41,"column":7},"end":{"line":41,"column":15}}],"line":41},"8":{"loc":{"start":{"line":69,"column":32},"end":{"line":73,"column":6}},"type":"default-arg","locations":[{"start":{"line":73,"column":4},"end":{"line":73,"column":6}}],"line":69},"9":{"loc":{"start":{"line":70,"column":1},"end":{"line":70,"column":29}},"type":"default-arg","locations":[{"start":{"line":70,"column":7},"end":{"line":70,"column":29}}],"line":70},"10":{"loc":{"start":{"line":71,"column":1},"end":{"line":71,"column":10}},"type":"default-arg","locations":[{"start":{"line":71,"column":8},"end":{"line":71,"column":10}}],"line":71},"11":{"loc":{"start":{"line":72,"column":2},"end":{"line":72,"column":16}},"type":"default-arg","locations":[{"start":{"line":72,"column":8},"end":{"line":72,"column":16}}],"line":72}},"s":{"0":0,"1":0,"2":0,"3":0,"4":0,"5":0,"6":0,"7":0,"8":0,"9":0,"10":0,"11":0,"12":0,"13":0,"14":0,"15":0,"16":0,"17":0,"18":0,"19":0,"20":0},"f":{"0":0,"1":0,"2":0},"b":{"0":[0],"1":[0],"2":[0],"3":[0],"4":[0],"5":[0],"6":[0],"7":[0],"8":[0],"9":[0],"10":[0],"11":[0]}}
}
