TN:
SF:src/helper/index.js
FN:12,(anonymous_0)
FN:38,(anonymous_1)
FN:69,(anonymous_2)
FNF:3
FNH:0
FNDA:0,(anonymous_0)
FNDA:0,(anonymous_1)
FNDA:0,(anonymous_2)
DA:12,0
DA:17,0
DA:18,0
DA:19,0
DA:21,0
DA:23,0
DA:26,0
DA:38,0
DA:43,0
DA:44,0
DA:45,0
DA:47,0
DA:51,0
DA:54,0
DA:69,0
DA:74,0
DA:75,0
DA:76,0
DA:78,0
DA:80,0
DA:83,0
LF:21
LH:0
BRDA:12,0,0,0
BRDA:13,1,0,0
BRDA:14,2,0,0
BRDA:15,3,0,0
BRDA:38,4,0,0
BRDA:39,5,0,0
BRDA:40,6,0,0
BRDA:41,7,0,0
BRDA:69,8,0,0
BRDA:70,9,0,0
BRDA:71,10,0,0
BRDA:72,11,0,0
BRF:12
BRH:0
end_of_record
